<?xml version="1.0" encoding="UTF-8"?>
<testng-results skipped="0" failed="0" ignored="0" total="1" passed="1">
  <reporter-output>
  </reporter-output>
  <suite name="Default suite" duration-ms="26578" started-at="2017-06-13T16:29:20Z" finished-at="2017-06-13T16:29:47Z">
    <groups>
    </groups>
    <test name="Default test" duration-ms="26578" started-at="2017-06-13T16:29:20Z" finished-at="2017-06-13T16:29:47Z">
      <class name="linkedin1.linkedinlogin">
        <test-method status="PASS" signature="linkedin()[pri:0, instance:linkedin1.linkedinlogin@7cd62f43]" name="linkedin" duration-ms="26460" started-at="2017-06-13T09:29:21Z" finished-at="2017-06-13T09:29:47Z">
          <reporter-output>
          </reporter-output>
        </test-method> <!-- linkedin -->
      </class> <!-- linkedin1.linkedinlogin -->
    </test> <!-- Default test -->
  </suite> <!-- Default suite -->
</testng-results>
